<?xml version="1.0" encoding="UTF-8"?>
<!-- Generated by org.testng.reporters.JUnitReportReporter -->
<testsuite hostname="DESKTOP-TB1SOAT" failures="0" tests="1" name="com.SauceDemo.TestClasses.TC1LoginFunctionality" time="6.616" errors="0" timestamp="2022-05-31T16:40:39 IST" skipped="0">
  <testcase classname="com.SauceDemo.TestClasses.TC1LoginFunctionality" name="loginFunctionalitytest" time="6.616"/>
  <system-out/>
</testsuite> <!-- com.SauceDemo.TestClasses.TC1LoginFunctionality -->
